[2013Sep18 10:00:44,283][INFO ][][configurarLogger ?:?][APLICACION: WSCLS - VERSION: 1.0]
[2013Sep18 10:00:44,304][INFO ][][configurarLogger ?:?][DESCRIPCION: Servicios de Integracion - Lista Seguridad]
[2013Sep18 10:00:44,307][DEBUG][1379512844307][procesa ConsultaListaSeguridad.java:60][getMethod GET]
[2013Sep18 10:00:44,309][DEBUG][1379512844307][procesa ConsultaListaSeguridad.java:61][getRequestURL http://CFGLOBD05:8501/ListaSeguridadFacade/ConsultaListaSeguridad.srv]
[2013Sep18 10:00:44,311][DEBUG][1379512844307][procesa ConsultaListaSeguridad.java:62][getRequestURI /ListaSeguridadFacade/ConsultaListaSeguridad.srv]
[2013Sep18 10:00:44,312][DEBUG][1379512844307][procesa ConsultaListaSeguridad.java:63][getContextPath /ListaSeguridadFacade]
[2013Sep18 10:00:44,314][DEBUG][1379512844307][procesa ConsultaListaSeguridad.java:64][getServletPath /ConsultaListaSeguridad.srv]
[2013Sep18 10:00:44,315][DEBUG][1379512844307][procesa ConsultaListaSeguridad.java:70][QueryString <S00036IN>%20%20<Login>aliado_prueba_1</Login>%20%20<Channel>SIEBEL</Channel>%20%20<System>SIEBEL</System>%20%20<SaleUser>%20%20%20%20<Position>Spazio%20CCCT</Position>%20%20%20%20<UserChannel>CA</UserChannel>%20%20</SaleUser>%20%20<Customer>%20%20%20%20<FirstName>Diego</FirstName>%20%20%20%20<LastName>Leal</LastName>%20%20%20%20<BirthDate>11-06-1983</BirthDate>%20%20%20%20<DocumentId>%20%20%20%20%20%20<Type>V</Type>%20%20%20%20%20%20<Number>16820506</Number>%20%20%20%20</DocumentId>%20%20</Customer>%20%20<Asset>%20%20%20%20<PaymentMethod>Pre-Pago</PaymentMethod>%20%20</Asset></S00036IN>]
[2013Sep18 10:00:44,318][INFO ][1379512844307][procesa ConsultaListaSeguridad.java:79][XML recibido: <S00036IN>  <Login>aliado_prueba_1</Login>  <Channel>SIEBEL</Channel>  <System>SIEBEL</System>  <SaleUser>    <Position>Spazio CCCT</Position>    <UserChannel>CA</UserChannel>  </SaleUser>  <Customer>    <FirstName>Diego</FirstName>    <LastName>Leal</LastName>    <BirthDate>11-06-1983</BirthDate>    <DocumentId>      <Type>V</Type>      <Number>16820506</Number>    </DocumentId>  </Customer>  <Asset>    <PaymentMethod>Pre-Pago</PaymentMethod>  </Asset></S00036IN>]
[2013Sep18 10:00:44,677][INFO ][1379512844307][procesa ConsultaListaSeguridad.java:110][Repuesta: <?xml version="1.0" encoding="UTF-8"?>
<S00036OUT><Error><Code>S00036-E005</Code><Detail>Ocurrio un error en el procesamiento de la aplicacion.</Detail><Trace>java.lang.NoClassDefFoundError
	at ve.com.digitel.listaSeguridad.DAO.CeduladosDAO.&lt;init&gt;(CeduladosDAO.java:29)
	at ve.com.digitel.listaSeguridad.business.ListaSeguridadValidator.getCedulado(ListaSeguridadValidator.java:221)
	at ve.com.digitel.listaSeguridad.business.ListaSeguridadValidator.validar(ListaSeguridadValidator.java:384)
	at ve.com.digitel.listaSeguridad.ejb.ConsultaListaSeguridadBean.validarListaSeguridad(ConsultaListaSeguridadBean.java:46)
	at ve.com.digitel.listaSeguridad.ejb.ConsultaListaSeguridadWs_ifp6be_ELOImpl.validarListaSeguridad(ConsultaListaSeguridadWs_ifp6be_ELOImpl.java:45)
	at sun.reflect.NativeMethodAccessorImpl.invoke0(Native Method)
	at sun.reflect.NativeMethodAccessorImpl.invoke(NativeMethodAccessorImpl.java:39)
	at sun.reflect.DelegatingMethodAccessorImpl.invoke(DelegatingMethodAccessorImpl.java:25)
	at java.lang.reflect.Method.invoke(Method.java:324)
	at weblogic.webservice.component.slsb.SLSBInvocationHandler.invoke(SLSBInvocationHandler.java:88)
	at weblogic.webservice.core.handler.InvokeHandler.handleRequest(InvokeHandler.java:104)
	at weblogic.webservice.core.HandlerChainImpl.handleRequest(HandlerChainImpl.java:143)
	at weblogic.webservice.core.DefaultOperation.process(DefaultOperation.java:535)
	at weblogic.webservice.server.Dispatcher.process(Dispatcher.java:204)
	at weblogic.webservice.server.Dispatcher.doDispatch(Dispatcher.java:176)
	at weblogic.webservice.server.Dispatcher.dispatch(Dispatcher.java:96)
	at weblogic.webservice.server.WebServiceManager.dispatch(WebServiceManager.java:100)
	at weblogic.webservice.server.servlet.WebServiceServlet.serverSideInvoke(WebServiceServlet.java:297)
	at weblogic.webservice.server.servlet.ServletBase.doPost(ServletBase.java:485)
	at weblogic.webservice.server.servlet.WebServiceServlet.doPost(WebServiceServlet.java:267)
	at javax.servlet.http.HttpServlet.service(HttpServlet.java:760)
	at javax.servlet.http.HttpServlet.service(HttpServlet.java:853)
	at weblogic.servlet.internal.ServletStubImpl$ServletInvocationAction.run(ServletStubImpl.java:1006)
	at weblogic.servlet.internal.ServletStubImpl.invokeServlet(ServletStubImpl.java:419)
	at weblogic.servlet.internal.ServletStubImpl.invokeServlet(ServletStubImpl.java:315)
	at weblogic.servlet.internal.WebAppServletContext$ServletInvocationAction.run(WebAppServletContext.java:6718)
	at weblogic.security.acl.internal.AuthenticatedSubject.doAs(AuthenticatedSubject.java:321)
	at weblogic.security.service.SecurityManager.runAs(SecurityManager.java:121)
	at weblogic.servlet.internal.WebAppServletContext.invokeServlet(WebAppServletContext.java:3764)
	at weblogic.servlet.internal.ServletRequestImpl.execute(ServletRequestImpl.java:2644)
	at weblogic.kernel.ExecuteThread.execute(ExecuteThread.java:219)
	at weblogic.kernel.ExecuteThread.run(ExecuteThread.java:178)
</Trace><From>S00036</From></Error></S00036OUT>
]
[2013Sep18 10:02:48,207][DEBUG][1379512968207][procesa ConsultaListaSeguridad.java:60][getMethod GET]
[2013Sep18 10:02:48,208][DEBUG][1379512968207][procesa ConsultaListaSeguridad.java:61][getRequestURL http://CFGLOBD05:8501/ListaSeguridadFacade/ConsultaListaSeguridad.srv]
[2013Sep18 10:02:48,210][DEBUG][1379512968207][procesa ConsultaListaSeguridad.java:62][getRequestURI /ListaSeguridadFacade/ConsultaListaSeguridad.srv]
[2013Sep18 10:02:48,212][DEBUG][1379512968207][procesa ConsultaListaSeguridad.java:63][getContextPath /ListaSeguridadFacade]
[2013Sep18 10:02:48,213][DEBUG][1379512968207][procesa ConsultaListaSeguridad.java:64][getServletPath /ConsultaListaSeguridad.srv]
[2013Sep18 10:02:48,215][DEBUG][1379512968207][procesa ConsultaListaSeguridad.java:70][QueryString <S00036IN>%20%20<Login>aliado_prueba_1</Login>%20%20<Channel>SIEBEL</Channel>%20%20<System>SIEBEL</System>%20%20<SaleUser>%20%20%20%20<Position>Spazio%20CCCT</Position>%20%20%20%20<UserChannel>CA</UserChannel>%20%20</SaleUser>%20%20<Customer>%20%20%20%20<FirstName>Diego</FirstName>%20%20%20%20<LastName>Leal</LastName>%20%20%20%20<BirthDate>11-06-1983</BirthDate>%20%20%20%20<DocumentId>%20%20%20%20%20%20<Type>V</Type>%20%20%20%20%20%20<Number>16820506</Number>%20%20%20%20</DocumentId>%20%20</Customer>%20%20<Asset>%20%20%20%20<PaymentMethod>Pre-Pago</PaymentMethod>%20%20</Asset></S00036IN>]
[2013Sep18 10:02:48,217][INFO ][1379512968207][procesa ConsultaListaSeguridad.java:79][XML recibido: <S00036IN>  <Login>aliado_prueba_1</Login>  <Channel>SIEBEL</Channel>  <System>SIEBEL</System>  <SaleUser>    <Position>Spazio CCCT</Position>    <UserChannel>CA</UserChannel>  </SaleUser>  <Customer>    <FirstName>Diego</FirstName>    <LastName>Leal</LastName>    <BirthDate>11-06-1983</BirthDate>    <DocumentId>      <Type>V</Type>      <Number>16820506</Number>    </DocumentId>  </Customer>  <Asset>    <PaymentMethod>Pre-Pago</PaymentMethod>  </Asset></S00036IN>]
[2013Sep18 10:02:48,313][INFO ][1379512968207][procesa ConsultaListaSeguridad.java:110][Repuesta: <?xml version="1.0" encoding="UTF-8"?>
<S00036OUT><Error><Code>S00036-E005</Code><Detail>Ocurrio un error en el procesamiento de la aplicacion.</Detail><Trace>java.lang.NoClassDefFoundError
	at ve.com.digitel.listaSeguridad.DAO.CeduladosDAO.&lt;init&gt;(CeduladosDAO.java:29)
	at ve.com.digitel.listaSeguridad.business.ListaSeguridadValidator.getCedulado(ListaSeguridadValidator.java:221)
	at ve.com.digitel.listaSeguridad.business.ListaSeguridadValidator.validar(ListaSeguridadValidator.java:384)
	at ve.com.digitel.listaSeguridad.ejb.ConsultaListaSeguridadBean.validarListaSeguridad(ConsultaListaSeguridadBean.java:46)
	at ve.com.digitel.listaSeguridad.ejb.ConsultaListaSeguridadWs_ifp6be_ELOImpl.validarListaSeguridad(ConsultaListaSeguridadWs_ifp6be_ELOImpl.java:45)
	at sun.reflect.NativeMethodAccessorImpl.invoke0(Native Method)
	at sun.reflect.NativeMethodAccessorImpl.invoke(NativeMethodAccessorImpl.java:39)
	at sun.reflect.DelegatingMethodAccessorImpl.invoke(DelegatingMethodAccessorImpl.java:25)
	at java.lang.reflect.Method.invoke(Method.java:324)
	at weblogic.webservice.component.slsb.SLSBInvocationHandler.invoke(SLSBInvocationHandler.java:88)
	at weblogic.webservice.core.handler.InvokeHandler.handleRequest(InvokeHandler.java:104)
	at weblogic.webservice.core.HandlerChainImpl.handleRequest(HandlerChainImpl.java:143)
	at weblogic.webservice.core.DefaultOperation.process(DefaultOperation.java:535)
	at weblogic.webservice.server.Dispatcher.process(Dispatcher.java:204)
	at weblogic.webservice.server.Dispatcher.doDispatch(Dispatcher.java:176)
	at weblogic.webservice.server.Dispatcher.dispatch(Dispatcher.java:96)
	at weblogic.webservice.server.WebServiceManager.dispatch(WebServiceManager.java:100)
	at weblogic.webservice.server.servlet.WebServiceServlet.serverSideInvoke(WebServiceServlet.java:297)
	at weblogic.webservice.server.servlet.ServletBase.doPost(ServletBase.java:485)
	at weblogic.webservice.server.servlet.WebServiceServlet.doPost(WebServiceServlet.java:267)
	at javax.servlet.http.HttpServlet.service(HttpServlet.java:760)
	at javax.servlet.http.HttpServlet.service(HttpServlet.java:853)
	at weblogic.servlet.internal.ServletStubImpl$ServletInvocationAction.run(ServletStubImpl.java:1006)
	at weblogic.servlet.internal.ServletStubImpl.invokeServlet(ServletStubImpl.java:419)
	at weblogic.servlet.internal.ServletStubImpl.invokeServlet(ServletStubImpl.java:315)
	at weblogic.servlet.internal.WebAppServletContext$ServletInvocationAction.run(WebAppServletContext.java:6718)
	at weblogic.security.acl.internal.AuthenticatedSubject.doAs(AuthenticatedSubject.java:321)
	at weblogic.security.service.SecurityManager.runAs(SecurityManager.java:121)
	at weblogic.servlet.internal.WebAppServletContext.invokeServlet(WebAppServletContext.java:3764)
	at weblogic.servlet.internal.ServletRequestImpl.execute(ServletRequestImpl.java:2644)
	at weblogic.kernel.ExecuteThread.execute(ExecuteThread.java:219)
	at weblogic.kernel.ExecuteThread.run(ExecuteThread.java:178)
</Trace><From>S00036</From></Error></S00036OUT>
]
[2013Sep18 10:05:48,325][DEBUG][1379513148325][procesa ConsultaListaSeguridad.java:60][getMethod GET]
[2013Sep18 10:05:48,327][DEBUG][1379513148325][procesa ConsultaListaSeguridad.java:61][getRequestURL http://CFGLOBD05:8501/ListaSeguridadFacade/ConsultaListaSeguridad.srv]
[2013Sep18 10:05:48,328][DEBUG][1379513148325][procesa ConsultaListaSeguridad.java:62][getRequestURI /ListaSeguridadFacade/ConsultaListaSeguridad.srv]
[2013Sep18 10:05:48,330][DEBUG][1379513148325][procesa ConsultaListaSeguridad.java:63][getContextPath /ListaSeguridadFacade]
[2013Sep18 10:05:48,331][DEBUG][1379513148325][procesa ConsultaListaSeguridad.java:64][getServletPath /ConsultaListaSeguridad.srv]
[2013Sep18 10:05:48,333][DEBUG][1379513148325][procesa ConsultaListaSeguridad.java:70][QueryString <S00036IN>%20%20<Login>aliado_prueba_1</Login>%20%20<Channel>SIEBEL</Channel>%20%20<System>SIEBEL</System>%20%20<SaleUser>%20%20%20%20<Position>Spazio%20CCCT</Position>%20%20%20%20<UserChannel>CA</UserChannel>%20%20</SaleUser>%20%20<Customer>%20%20%20%20<FirstName>Diego</FirstName>%20%20%20%20<LastName>Leal</LastName>%20%20%20%20<BirthDate>11-06-1983</BirthDate>%20%20%20%20<DocumentId>%20%20%20%20%20%20<Type>V</Type>%20%20%20%20%20%20<Number>16820506</Number>%20%20%20%20</DocumentId>%20%20</Customer>%20%20<Asset>%20%20%20%20<PaymentMethod>Pre-Pago</PaymentMethod>%20%20</Asset></S00036IN>]
[2013Sep18 10:05:48,342][INFO ][1379513148325][procesa ConsultaListaSeguridad.java:79][XML recibido: <S00036IN>  <Login>aliado_prueba_1</Login>  <Channel>SIEBEL</Channel>  <System>SIEBEL</System>  <SaleUser>    <Position>Spazio CCCT</Position>    <UserChannel>CA</UserChannel>  </SaleUser>  <Customer>    <FirstName>Diego</FirstName>    <LastName>Leal</LastName>    <BirthDate>11-06-1983</BirthDate>    <DocumentId>      <Type>V</Type>      <Number>16820506</Number>    </DocumentId>  </Customer>  <Asset>    <PaymentMethod>Pre-Pago</PaymentMethod>  </Asset></S00036IN>]
[2013Sep18 10:05:48,423][INFO ][1379513148325][procesa ConsultaListaSeguridad.java:110][Repuesta: <?xml version="1.0" encoding="UTF-8"?>
<S00036OUT><Error><Code>S00036-E005</Code><Detail>Ocurrio un error en el procesamiento de la aplicacion.</Detail><Trace>java.lang.NoClassDefFoundError
	at ve.com.digitel.listaSeguridad.DAO.CeduladosDAO.&lt;init&gt;(CeduladosDAO.java:29)
	at ve.com.digitel.listaSeguridad.business.ListaSeguridadValidator.getCedulado(ListaSeguridadValidator.java:221)
	at ve.com.digitel.listaSeguridad.business.ListaSeguridadValidator.validar(ListaSeguridadValidator.java:384)
	at ve.com.digitel.listaSeguridad.ejb.ConsultaListaSeguridadBean.validarListaSeguridad(ConsultaListaSeguridadBean.java:46)
	at ve.com.digitel.listaSeguridad.ejb.ConsultaListaSeguridadWs_ifp6be_ELOImpl.validarListaSeguridad(ConsultaListaSeguridadWs_ifp6be_ELOImpl.java:45)
	at sun.reflect.NativeMethodAccessorImpl.invoke0(Native Method)
	at sun.reflect.NativeMethodAccessorImpl.invoke(NativeMethodAccessorImpl.java:39)
	at sun.reflect.DelegatingMethodAccessorImpl.invoke(DelegatingMethodAccessorImpl.java:25)
	at java.lang.reflect.Method.invoke(Method.java:324)
	at weblogic.webservice.component.slsb.SLSBInvocationHandler.invoke(SLSBInvocationHandler.java:88)
	at weblogic.webservice.core.handler.InvokeHandler.handleRequest(InvokeHandler.java:104)
	at weblogic.webservice.core.HandlerChainImpl.handleRequest(HandlerChainImpl.java:143)
	at weblogic.webservice.core.DefaultOperation.process(DefaultOperation.java:535)
	at weblogic.webservice.server.Dispatcher.process(Dispatcher.java:204)
	at weblogic.webservice.server.Dispatcher.doDispatch(Dispatcher.java:176)
	at weblogic.webservice.server.Dispatcher.dispatch(Dispatcher.java:96)
	at weblogic.webservice.server.WebServiceManager.dispatch(WebServiceManager.java:100)
	at weblogic.webservice.server.servlet.WebServiceServlet.serverSideInvoke(WebServiceServlet.java:297)
	at weblogic.webservice.server.servlet.ServletBase.doPost(ServletBase.java:485)
	at weblogic.webservice.server.servlet.WebServiceServlet.doPost(WebServiceServlet.java:267)
	at javax.servlet.http.HttpServlet.service(HttpServlet.java:760)
	at javax.servlet.http.HttpServlet.service(HttpServlet.java:853)
	at weblogic.servlet.internal.ServletStubImpl$ServletInvocationAction.run(ServletStubImpl.java:1006)
	at weblogic.servlet.internal.ServletStubImpl.invokeServlet(ServletStubImpl.java:419)
	at weblogic.servlet.internal.ServletStubImpl.invokeServlet(ServletStubImpl.java:315)
	at weblogic.servlet.internal.WebAppServletContext$ServletInvocationAction.run(WebAppServletContext.java:6718)
	at weblogic.security.acl.internal.AuthenticatedSubject.doAs(AuthenticatedSubject.java:321)
	at weblogic.security.service.SecurityManager.runAs(SecurityManager.java:121)
	at weblogic.servlet.internal.WebAppServletContext.invokeServlet(WebAppServletContext.java:3764)
	at weblogic.servlet.internal.ServletRequestImpl.execute(ServletRequestImpl.java:2644)
	at weblogic.kernel.ExecuteThread.execute(ExecuteThread.java:219)
	at weblogic.kernel.ExecuteThread.run(ExecuteThread.java:178)
</Trace><From>S00036</From></Error></S00036OUT>
]
