[2020jul13 10:40:23,343][INFO ][1][configurarLogger ?:?][APLICACION: WSCLS - VERSION: 1.0]
[2020jul13 10:40:23,350][INFO ][1][configurarLogger ?:?][DESCRIPCION: Servicios de Integracion - Lista Seguridad]
[2020jul13 10:40:23,363][INFO ][1594653023353][procesa ConsultaListaSeguridad.java:79][XML recibido: <?xml version="1.0" encoding="UTF-8"?>
<S00036IN>
	<Login>OSUAREZ</Login>
	<Channel>SIEBEL</Channel>
	<System>SIEBEL</System>
	<SaleUser>
		<Position>Spazio CCCT</Position>
		<UserChannel>CA</UserChannel>
	</SaleUser>
	<Customer>
		<FirstName>Pedro</FirstName>
		<LastName>Pérez</LastName>
		<BirthDate>01-01-2008</BirthDate>
		<DocumentId>
			<Type>V</Type>
			<Number>1</Number>
		</DocumentId>
	</Customer>
	<Asset>
		<PaymentMethod>Pre-pago</PaymentMethod>
	</Asset>
</S00036IN>
			]
[2020jul13 10:40:23,363][INFO ][1594653023353][procesa ConsultaListaSeguridad.java:79][XML recibido: <?xml version="1.0" encoding="UTF-8"?>
<S00036IN>
	<Login>OSUAREZ</Login>
	<Channel>SIEBEL</Channel>
	<System>SIEBEL</System>
	<SaleUser>
		<Position>Spazio CCCT</Position>
		<UserChannel>CA</UserChannel>
	</SaleUser>
	<Customer>
		<FirstName>Pedro</FirstName>
		<LastName>Pérez</LastName>
		<BirthDate>01-01-2008</BirthDate>
		<DocumentId>
			<Type>V</Type>
			<Number>1</Number>
		</DocumentId>
	</Customer>
	<Asset>
		<PaymentMethod>Pre-pago</PaymentMethod>
	</Asset>
</S00036IN>
			]
[2020jul13 10:40:26,208][ERROR][][getExcepMessage ListaSeguridadValidator.java:331][Se genero la siguiente excepcion = <?xml version="1.0" encoding="UTF-8"?>
<S00036OUT><Error><Code>S00036-E005</Code><Detail>Ocurrio un error en el procesamiento de la aplicacion.</Detail><Trace>java.lang.NoClassDefFoundError
	at ve.com.digitel.listaSeguridad.DAO.CeduladosDAO.&lt;init&gt;(CeduladosDAO.java:29)
	at ve.com.digitel.listaSeguridad.business.ListaSeguridadValidator.getCedulado(ListaSeguridadValidator.java:221)
	at ve.com.digitel.listaSeguridad.business.ListaSeguridadValidator.validar(ListaSeguridadValidator.java:384)
	at ve.com.digitel.listaSeguridad.ejb.ConsultaListaSeguridadBean.validarListaSeguridad(ConsultaListaSeguridadBean.java:46)
	at ve.com.digitel.listaSeguridad.ejb.ConsultaListaSeguridadWs_ifp6be_ELOImpl.validarListaSeguridad(ConsultaListaSeguridadWs_ifp6be_ELOImpl.java:45)
	at sun.reflect.NativeMethodAccessorImpl.invoke0(Native Method)
	at sun.reflect.NativeMethodAccessorImpl.invoke(NativeMethodAccessorImpl.java:39)
	at sun.reflect.DelegatingMethodAccessorImpl.invoke(DelegatingMethodAccessorImpl.java:25)
	at java.lang.reflect.Method.invoke(Method.java:324)
	at weblogic.webservice.component.slsb.SLSBInvocationHandler.invoke(SLSBInvocationHandler.java:88)
	at weblogic.webservice.core.handler.InvokeHandler.handleRequest(InvokeHandler.java:104)
	at weblogic.webservice.core.HandlerChainImpl.handleRequest(HandlerChainImpl.java:143)
	at weblogic.webservice.core.DefaultOperation.process(DefaultOperation.java:549)
	at weblogic.webservice.server.Dispatcher.process(Dispatcher.java:204)
	at weblogic.webservice.server.Dispatcher.doDispatch(Dispatcher.java:176)
	at weblogic.webservice.server.Dispatcher.dispatch(Dispatcher.java:96)
	at weblogic.webservice.server.WebServiceManager.dispatch(WebServiceManager.java:100)
	at weblogic.webservice.server.servlet.WebServiceServlet.serverSideInvoke(WebServiceServlet.java:297)
	at weblogic.webservice.server.servlet.ServletBase.doPost(ServletBase.java:485)
	at weblogic.webservice.server.servlet.WebServiceServlet.doPost(WebServiceServlet.java:267)
	at javax.servlet.http.HttpServlet.service(HttpServlet.java:760)
	at javax.servlet.http.HttpServlet.service(HttpServlet.java:853)
	at weblogic.servlet.internal.ServletStubImpl$ServletInvocationAction.run(ServletStubImpl.java:1072)
	at weblogic.servlet.internal.ServletStubImpl.invokeServlet(ServletStubImpl.java:465)
	at weblogic.servlet.internal.ServletStubImpl.invokeServlet(ServletStubImpl.java:348)
	at weblogic.servlet.internal.WebAppServletContext$ServletInvocationAction.run(WebAppServletContext.java:6981)
	at weblogic.security.acl.internal.AuthenticatedSubject.doAs(AuthenticatedSubject.java:321)
	at weblogic.security.service.SecurityManager.runAs(SecurityManager.java:121)
	at weblogic.servlet.internal.WebAppServletContext.invokeServlet(WebAppServletContext.java:3892)
	at weblogic.servlet.internal.ServletRequestImpl.execute(ServletRequestImpl.java:2766)
	at weblogic.kernel.ExecuteThread.execute(ExecuteThread.java:224)
	at weblogic.kernel.ExecuteThread.run(ExecuteThread.java:183)
</Trace><From>S00036</From></Error></S00036OUT>
]
java.lang.NoClassDefFoundError
	at ve.com.digitel.listaSeguridad.DAO.CeduladosDAO.<init>(CeduladosDAO.java:29)
	at ve.com.digitel.listaSeguridad.business.ListaSeguridadValidator.getCedulado(ListaSeguridadValidator.java:221)
	at ve.com.digitel.listaSeguridad.business.ListaSeguridadValidator.validar(ListaSeguridadValidator.java:384)
	at ve.com.digitel.listaSeguridad.ejb.ConsultaListaSeguridadBean.validarListaSeguridad(ConsultaListaSeguridadBean.java:46)
	at ve.com.digitel.listaSeguridad.ejb.ConsultaListaSeguridadWs_ifp6be_ELOImpl.validarListaSeguridad(ConsultaListaSeguridadWs_ifp6be_ELOImpl.java:45)
	at sun.reflect.NativeMethodAccessorImpl.invoke0(Native Method)
	at sun.reflect.NativeMethodAccessorImpl.invoke(NativeMethodAccessorImpl.java:39)
	at sun.reflect.DelegatingMethodAccessorImpl.invoke(DelegatingMethodAccessorImpl.java:25)
	at java.lang.reflect.Method.invoke(Method.java:324)
	at weblogic.webservice.component.slsb.SLSBInvocationHandler.invoke(SLSBInvocationHandler.java:88)
	at weblogic.webservice.core.handler.InvokeHandler.handleRequest(InvokeHandler.java:104)
	at weblogic.webservice.core.HandlerChainImpl.handleRequest(HandlerChainImpl.java:143)
	at weblogic.webservice.core.DefaultOperation.process(DefaultOperation.java:549)
	at weblogic.webservice.server.Dispatcher.process(Dispatcher.java:204)
	at weblogic.webservice.server.Dispatcher.doDispatch(Dispatcher.java:176)
	at weblogic.webservice.server.Dispatcher.dispatch(Dispatcher.java:96)
	at weblogic.webservice.server.WebServiceManager.dispatch(WebServiceManager.java:100)
	at weblogic.webservice.server.servlet.WebServiceServlet.serverSideInvoke(WebServiceServlet.java:297)
	at weblogic.webservice.server.servlet.ServletBase.doPost(ServletBase.java:485)
	at weblogic.webservice.server.servlet.WebServiceServlet.doPost(WebServiceServlet.java:267)
	at javax.servlet.http.HttpServlet.service(HttpServlet.java:760)
	at javax.servlet.http.HttpServlet.service(HttpServlet.java:853)
	at weblogic.servlet.internal.ServletStubImpl$ServletInvocationAction.run(ServletStubImpl.java:1072)
	at weblogic.servlet.internal.ServletStubImpl.invokeServlet(ServletStubImpl.java:465)
	at weblogic.servlet.internal.ServletStubImpl.invokeServlet(ServletStubImpl.java:348)
	at weblogic.servlet.internal.WebAppServletContext$ServletInvocationAction.run(WebAppServletContext.java:6981)
	at weblogic.security.acl.internal.AuthenticatedSubject.doAs(AuthenticatedSubject.java:321)
	at weblogic.security.service.SecurityManager.runAs(SecurityManager.java:121)
	at weblogic.servlet.internal.WebAppServletContext.invokeServlet(WebAppServletContext.java:3892)
	at weblogic.servlet.internal.ServletRequestImpl.execute(ServletRequestImpl.java:2766)
	at weblogic.kernel.ExecuteThread.execute(ExecuteThread.java:224)
	at weblogic.kernel.ExecuteThread.run(ExecuteThread.java:183)
[2020jul13 10:40:26,208][ERROR][1][getExcepMessage ListaSeguridadValidator.java:331][Se genero la siguiente excepcion = <?xml version="1.0" encoding="UTF-8"?>
<S00036OUT><Error><Code>S00036-E005</Code><Detail>Ocurrio un error en el procesamiento de la aplicacion.</Detail><Trace>java.lang.ExceptionInInitializerError
	at ve.com.digitel.listaSeguridad.DAO.CeduladosDAO.&lt;init&gt;(CeduladosDAO.java:29)
	at ve.com.digitel.listaSeguridad.business.ListaSeguridadValidator.getCedulado(ListaSeguridadValidator.java:221)
	at ve.com.digitel.listaSeguridad.business.ListaSeguridadValidator.validar(ListaSeguridadValidator.java:384)
	at ve.com.digitel.listaSeguridad.ejb.ConsultaListaSeguridadBean.validarListaSeguridad(ConsultaListaSeguridadBean.java:46)
	at ve.com.digitel.listaSeguridad.ejb.ConsultaListaSeguridadWs_ifp6be_ELOImpl.validarListaSeguridad(ConsultaListaSeguridadWs_ifp6be_ELOImpl.java:45)
	at sun.reflect.NativeMethodAccessorImpl.invoke0(Native Method)
	at sun.reflect.NativeMethodAccessorImpl.invoke(NativeMethodAccessorImpl.java:39)
	at sun.reflect.DelegatingMethodAccessorImpl.invoke(DelegatingMethodAccessorImpl.java:25)
	at java.lang.reflect.Method.invoke(Method.java:324)
	at weblogic.webservice.component.slsb.SLSBInvocationHandler.invoke(SLSBInvocationHandler.java:88)
	at weblogic.webservice.core.handler.InvokeHandler.handleRequest(InvokeHandler.java:104)
	at weblogic.webservice.core.HandlerChainImpl.handleRequest(HandlerChainImpl.java:143)
	at weblogic.webservice.core.DefaultOperation.process(DefaultOperation.java:549)
	at weblogic.webservice.server.Dispatcher.process(Dispatcher.java:204)
	at weblogic.webservice.server.Dispatcher.doDispatch(Dispatcher.java:176)
	at weblogic.webservice.server.Dispatcher.dispatch(Dispatcher.java:96)
	at weblogic.webservice.server.WebServiceManager.dispatch(WebServiceManager.java:100)
	at weblogic.webservice.server.servlet.WebServiceServlet.serverSideInvoke(WebServiceServlet.java:297)
	at weblogic.webservice.server.servlet.ServletBase.doPost(ServletBase.java:485)
	at weblogic.webservice.server.servlet.WebServiceServlet.doPost(WebServiceServlet.java:267)
	at javax.servlet.http.HttpServlet.service(HttpServlet.java:760)
	at javax.servlet.http.HttpServlet.service(HttpServlet.java:853)
	at weblogic.servlet.internal.ServletStubImpl$ServletInvocationAction.run(ServletStubImpl.java:1072)
	at weblogic.servlet.internal.ServletStubImpl.invokeServlet(ServletStubImpl.java:465)
	at weblogic.servlet.internal.ServletStubImpl.invokeServlet(ServletStubImpl.java:348)
	at weblogic.servlet.internal.WebAppServletContext$ServletInvocationAction.run(WebAppServletContext.java:6981)
	at weblogic.security.acl.internal.AuthenticatedSubject.doAs(AuthenticatedSubject.java:321)
	at weblogic.security.service.SecurityManager.runAs(SecurityManager.java:121)
	at weblogic.servlet.internal.WebAppServletContext.invokeServlet(WebAppServletContext.java:3892)
	at weblogic.servlet.internal.ServletRequestImpl.execute(ServletRequestImpl.java:2766)
	at weblogic.kernel.ExecuteThread.execute(ExecuteThread.java:224)
	at weblogic.kernel.ExecuteThread.run(ExecuteThread.java:183)
Caused by: java.lang.RuntimeException: Error initializing MyAppSqlConfig class. Cause: java.lang.RuntimeException: Error occurred.  Cause: com.ibatis.common.xml.NodeletException: Error parsing XML.  Cause: java.lang.RuntimeException: Error parsing XPath '/sqlMapConfig/transactionManager/dataSource/end()'.  Cause: com.ibatis.sqlmap.client.SqlMapException: There was an error configuring JndiDataSourceTransactionPool. Cause: javax.naming.NameNotFoundException: Unable to resolve 'dsListaSeguridad' Resolved ; remaining name 'dsListaSeguridad'
	at ve.com.digitel.listaSeguridad.DAO.config.ListaSeguridadSqlConfig.&lt;clinit&gt;(ListaSeguridadSqlConfig.java:34)
	... 32 more
</Trace><From>S00036</From></Error></S00036OUT>
]
java.lang.ExceptionInInitializerError
	at ve.com.digitel.listaSeguridad.DAO.CeduladosDAO.<init>(CeduladosDAO.java:29)
	at ve.com.digitel.listaSeguridad.business.ListaSeguridadValidator.getCedulado(ListaSeguridadValidator.java:221)
	at ve.com.digitel.listaSeguridad.business.ListaSeguridadValidator.validar(ListaSeguridadValidator.java:384)
	at ve.com.digitel.listaSeguridad.ejb.ConsultaListaSeguridadBean.validarListaSeguridad(ConsultaListaSeguridadBean.java:46)
	at ve.com.digitel.listaSeguridad.ejb.ConsultaListaSeguridadWs_ifp6be_ELOImpl.validarListaSeguridad(ConsultaListaSeguridadWs_ifp6be_ELOImpl.java:45)
	at sun.reflect.NativeMethodAccessorImpl.invoke0(Native Method)
	at sun.reflect.NativeMethodAccessorImpl.invoke(NativeMethodAccessorImpl.java:39)
	at sun.reflect.DelegatingMethodAccessorImpl.invoke(DelegatingMethodAccessorImpl.java:25)
	at java.lang.reflect.Method.invoke(Method.java:324)
	at weblogic.webservice.component.slsb.SLSBInvocationHandler.invoke(SLSBInvocationHandler.java:88)
	at weblogic.webservice.core.handler.InvokeHandler.handleRequest(InvokeHandler.java:104)
	at weblogic.webservice.core.HandlerChainImpl.handleRequest(HandlerChainImpl.java:143)
	at weblogic.webservice.core.DefaultOperation.process(DefaultOperation.java:549)
	at weblogic.webservice.server.Dispatcher.process(Dispatcher.java:204)
	at weblogic.webservice.server.Dispatcher.doDispatch(Dispatcher.java:176)
	at weblogic.webservice.server.Dispatcher.dispatch(Dispatcher.java:96)
	at weblogic.webservice.server.WebServiceManager.dispatch(WebServiceManager.java:100)
	at weblogic.webservice.server.servlet.WebServiceServlet.serverSideInvoke(WebServiceServlet.java:297)
	at weblogic.webservice.server.servlet.ServletBase.doPost(ServletBase.java:485)
	at weblogic.webservice.server.servlet.WebServiceServlet.doPost(WebServiceServlet.java:267)
	at javax.servlet.http.HttpServlet.service(HttpServlet.java:760)
	at javax.servlet.http.HttpServlet.service(HttpServlet.java:853)
	at weblogic.servlet.internal.ServletStubImpl$ServletInvocationAction.run(ServletStubImpl.java:1072)
	at weblogic.servlet.internal.ServletStubImpl.invokeServlet(ServletStubImpl.java:465)
	at weblogic.servlet.internal.ServletStubImpl.invokeServlet(ServletStubImpl.java:348)
	at weblogic.servlet.internal.WebAppServletContext$ServletInvocationAction.run(WebAppServletContext.java:6981)
	at weblogic.security.acl.internal.AuthenticatedSubject.doAs(AuthenticatedSubject.java:321)
	at weblogic.security.service.SecurityManager.runAs(SecurityManager.java:121)
	at weblogic.servlet.internal.WebAppServletContext.invokeServlet(WebAppServletContext.java:3892)
	at weblogic.servlet.internal.ServletRequestImpl.execute(ServletRequestImpl.java:2766)
	at weblogic.kernel.ExecuteThread.execute(ExecuteThread.java:224)
	at weblogic.kernel.ExecuteThread.run(ExecuteThread.java:183)
Caused by: java.lang.RuntimeException: Error initializing MyAppSqlConfig class. Cause: java.lang.RuntimeException: Error occurred.  Cause: com.ibatis.common.xml.NodeletException: Error parsing XML.  Cause: java.lang.RuntimeException: Error parsing XPath '/sqlMapConfig/transactionManager/dataSource/end()'.  Cause: com.ibatis.sqlmap.client.SqlMapException: There was an error configuring JndiDataSourceTransactionPool. Cause: javax.naming.NameNotFoundException: Unable to resolve 'dsListaSeguridad' Resolved ; remaining name 'dsListaSeguridad'
	at ve.com.digitel.listaSeguridad.DAO.config.ListaSeguridadSqlConfig.<clinit>(ListaSeguridadSqlConfig.java:34)
	... 32 more
[2020jul13 10:40:26,428][INFO ][1594653023353][procesa ConsultaListaSeguridad.java:110][Repuesta: <?xml version="1.0" encoding="UTF-8"?>
<S00036OUT><Error><Code>S00036-E005</Code><Detail>Ocurrio un error en el procesamiento de la aplicacion.</Detail><Trace>java.lang.NoClassDefFoundError
	at ve.com.digitel.listaSeguridad.DAO.CeduladosDAO.&lt;init&gt;(CeduladosDAO.java:29)
	at ve.com.digitel.listaSeguridad.business.ListaSeguridadValidator.getCedulado(ListaSeguridadValidator.java:221)
	at ve.com.digitel.listaSeguridad.business.ListaSeguridadValidator.validar(ListaSeguridadValidator.java:384)
	at ve.com.digitel.listaSeguridad.ejb.ConsultaListaSeguridadBean.validarListaSeguridad(ConsultaListaSeguridadBean.java:46)
	at ve.com.digitel.listaSeguridad.ejb.ConsultaListaSeguridadWs_ifp6be_ELOImpl.validarListaSeguridad(ConsultaListaSeguridadWs_ifp6be_ELOImpl.java:45)
	at sun.reflect.NativeMethodAccessorImpl.invoke0(Native Method)
	at sun.reflect.NativeMethodAccessorImpl.invoke(NativeMethodAccessorImpl.java:39)
	at sun.reflect.DelegatingMethodAccessorImpl.invoke(DelegatingMethodAccessorImpl.java:25)
	at java.lang.reflect.Method.invoke(Method.java:324)
	at weblogic.webservice.component.slsb.SLSBInvocationHandler.invoke(SLSBInvocationHandler.java:88)
	at weblogic.webservice.core.handler.InvokeHandler.handleRequest(InvokeHandler.java:104)
	at weblogic.webservice.core.HandlerChainImpl.handleRequest(HandlerChainImpl.java:143)
	at weblogic.webservice.core.DefaultOperation.process(DefaultOperation.java:549)
	at weblogic.webservice.server.Dispatcher.process(Dispatcher.java:204)
	at weblogic.webservice.server.Dispatcher.doDispatch(Dispatcher.java:176)
	at weblogic.webservice.server.Dispatcher.dispatch(Dispatcher.java:96)
	at weblogic.webservice.server.WebServiceManager.dispatch(WebServiceManager.java:100)
	at weblogic.webservice.server.servlet.WebServiceServlet.serverSideInvoke(WebServiceServlet.java:297)
	at weblogic.webservice.server.servlet.ServletBase.doPost(ServletBase.java:485)
	at weblogic.webservice.server.servlet.WebServiceServlet.doPost(WebServiceServlet.java:267)
	at javax.servlet.http.HttpServlet.service(HttpServlet.java:760)
	at javax.servlet.http.HttpServlet.service(HttpServlet.java:853)
	at weblogic.servlet.internal.ServletStubImpl$ServletInvocationAction.run(ServletStubImpl.java:1072)
	at weblogic.servlet.internal.ServletStubImpl.invokeServlet(ServletStubImpl.java:465)
	at weblogic.servlet.internal.ServletStubImpl.invokeServlet(ServletStubImpl.java:348)
	at weblogic.servlet.internal.WebAppServletContext$ServletInvocationAction.run(WebAppServletContext.java:6981)
	at weblogic.security.acl.internal.AuthenticatedSubject.doAs(AuthenticatedSubject.java:321)
	at weblogic.security.service.SecurityManager.runAs(SecurityManager.java:121)
	at weblogic.servlet.internal.WebAppServletContext.invokeServlet(WebAppServletContext.java:3892)
	at weblogic.servlet.internal.ServletRequestImpl.execute(ServletRequestImpl.java:2766)
	at weblogic.kernel.ExecuteThread.execute(ExecuteThread.java:224)
	at weblogic.kernel.ExecuteThread.run(ExecuteThread.java:183)
</Trace><From>S00036</From></Error></S00036OUT>
]
[2020jul13 10:40:26,454][INFO ][1594653023353][procesa ConsultaListaSeguridad.java:110][Repuesta: <?xml version="1.0" encoding="UTF-8"?>
<S00036OUT><Error><Code>S00036-E005</Code><Detail>Ocurrio un error en el procesamiento de la aplicacion.</Detail><Trace>java.lang.ExceptionInInitializerError
	at ve.com.digitel.listaSeguridad.DAO.CeduladosDAO.&lt;init&gt;(CeduladosDAO.java:29)
	at ve.com.digitel.listaSeguridad.business.ListaSeguridadValidator.getCedulado(ListaSeguridadValidator.java:221)
	at ve.com.digitel.listaSeguridad.business.ListaSeguridadValidator.validar(ListaSeguridadValidator.java:384)
	at ve.com.digitel.listaSeguridad.ejb.ConsultaListaSeguridadBean.validarListaSeguridad(ConsultaListaSeguridadBean.java:46)
	at ve.com.digitel.listaSeguridad.ejb.ConsultaListaSeguridadWs_ifp6be_ELOImpl.validarListaSeguridad(ConsultaListaSeguridadWs_ifp6be_ELOImpl.java:45)
	at sun.reflect.NativeMethodAccessorImpl.invoke0(Native Method)
	at sun.reflect.NativeMethodAccessorImpl.invoke(NativeMethodAccessorImpl.java:39)
	at sun.reflect.DelegatingMethodAccessorImpl.invoke(DelegatingMethodAccessorImpl.java:25)
	at java.lang.reflect.Method.invoke(Method.java:324)
	at weblogic.webservice.component.slsb.SLSBInvocationHandler.invoke(SLSBInvocationHandler.java:88)
	at weblogic.webservice.core.handler.InvokeHandler.handleRequest(InvokeHandler.java:104)
	at weblogic.webservice.core.HandlerChainImpl.handleRequest(HandlerChainImpl.java:143)
	at weblogic.webservice.core.DefaultOperation.process(DefaultOperation.java:549)
	at weblogic.webservice.server.Dispatcher.process(Dispatcher.java:204)
	at weblogic.webservice.server.Dispatcher.doDispatch(Dispatcher.java:176)
	at weblogic.webservice.server.Dispatcher.dispatch(Dispatcher.java:96)
	at weblogic.webservice.server.WebServiceManager.dispatch(WebServiceManager.java:100)
	at weblogic.webservice.server.servlet.WebServiceServlet.serverSideInvoke(WebServiceServlet.java:297)
	at weblogic.webservice.server.servlet.ServletBase.doPost(ServletBase.java:485)
	at weblogic.webservice.server.servlet.WebServiceServlet.doPost(WebServiceServlet.java:267)
	at javax.servlet.http.HttpServlet.service(HttpServlet.java:760)
	at javax.servlet.http.HttpServlet.service(HttpServlet.java:853)
	at weblogic.servlet.internal.ServletStubImpl$ServletInvocationAction.run(ServletStubImpl.java:1072)
	at weblogic.servlet.internal.ServletStubImpl.invokeServlet(ServletStubImpl.java:465)
	at weblogic.servlet.internal.ServletStubImpl.invokeServlet(ServletStubImpl.java:348)
	at weblogic.servlet.internal.WebAppServletContext$ServletInvocationAction.run(WebAppServletContext.java:6981)
	at weblogic.security.acl.internal.AuthenticatedSubject.doAs(AuthenticatedSubject.java:321)
	at weblogic.security.service.SecurityManager.runAs(SecurityManager.java:121)
	at weblogic.servlet.internal.WebAppServletContext.invokeServlet(WebAppServletContext.java:3892)
	at weblogic.servlet.internal.ServletRequestImpl.execute(ServletRequestImpl.java:2766)
	at weblogic.kernel.ExecuteThread.execute(ExecuteThread.java:224)
	at weblogic.kernel.ExecuteThread.run(ExecuteThread.java:183)
Caused by: java.lang.RuntimeException: Error initializing MyAppSqlConfig class. Cause: java.lang.RuntimeException: Error occurred.  Cause: com.ibatis.common.xml.NodeletException: Error parsing XML.  Cause: java.lang.RuntimeException: Error parsing XPath '/sqlMapConfig/transactionManager/dataSource/end()'.  Cause: com.ibatis.sqlmap.client.SqlMapException: There was an error configuring JndiDataSourceTransactionPool. Cause: javax.naming.NameNotFoundException: Unable to resolve 'dsListaSeguridad' Resolved ; remaining name 'dsListaSeguridad'
	at ve.com.digitel.listaSeguridad.DAO.config.ListaSeguridadSqlConfig.&lt;clinit&gt;(ListaSeguridadSqlConfig.java:34)
	... 32 more
</Trace><From>S00036</From></Error></S00036OUT>
]
[2020jul13 10:40:37,687][INFO ][1594653037686][procesa ConsultaListaSeguridad.java:79][XML recibido: <?xml version="1.0" encoding="UTF-8"?>
<S00036IN>
	<Login>OSUAREZ</Login>
	<Channel>SIEBEL</Channel>
	<System>SIEBEL</System>
	<SaleUser>
		<Position>Spazio CCCT</Position>
		<UserChannel>CA</UserChannel>
	</SaleUser>
	<Customer>
		<FirstName>Pedro</FirstName>
		<LastName>Pérez</LastName>
		<BirthDate>01-01-2008</BirthDate>
		<DocumentId>
			<Type>V</Type>
			<Number>1</Number>
		</DocumentId>
	</Customer>
	<Asset>
		<PaymentMethod>Pre-pago</PaymentMethod>
	</Asset>
</S00036IN>
			]
[2020jul13 10:40:37,724][ERROR][1][getExcepMessage ListaSeguridadValidator.java:331][Se genero la siguiente excepcion = <?xml version="1.0" encoding="UTF-8"?>
<S00036OUT><Error><Code>S00036-E005</Code><Detail>Ocurrio un error en el procesamiento de la aplicacion.</Detail><Trace>java.lang.NoClassDefFoundError
	at ve.com.digitel.listaSeguridad.DAO.CeduladosDAO.&lt;init&gt;(CeduladosDAO.java:29)
	at ve.com.digitel.listaSeguridad.business.ListaSeguridadValidator.getCedulado(ListaSeguridadValidator.java:221)
	at ve.com.digitel.listaSeguridad.business.ListaSeguridadValidator.validar(ListaSeguridadValidator.java:384)
	at ve.com.digitel.listaSeguridad.ejb.ConsultaListaSeguridadBean.validarListaSeguridad(ConsultaListaSeguridadBean.java:46)
	at ve.com.digitel.listaSeguridad.ejb.ConsultaListaSeguridadWs_ifp6be_ELOImpl.validarListaSeguridad(ConsultaListaSeguridadWs_ifp6be_ELOImpl.java:45)
	at sun.reflect.NativeMethodAccessorImpl.invoke0(Native Method)
	at sun.reflect.NativeMethodAccessorImpl.invoke(NativeMethodAccessorImpl.java:39)
	at sun.reflect.DelegatingMethodAccessorImpl.invoke(DelegatingMethodAccessorImpl.java:25)
	at java.lang.reflect.Method.invoke(Method.java:324)
	at weblogic.webservice.component.slsb.SLSBInvocationHandler.invoke(SLSBInvocationHandler.java:88)
	at weblogic.webservice.core.handler.InvokeHandler.handleRequest(InvokeHandler.java:104)
	at weblogic.webservice.core.HandlerChainImpl.handleRequest(HandlerChainImpl.java:143)
	at weblogic.webservice.core.DefaultOperation.process(DefaultOperation.java:549)
	at weblogic.webservice.server.Dispatcher.process(Dispatcher.java:204)
	at weblogic.webservice.server.Dispatcher.doDispatch(Dispatcher.java:176)
	at weblogic.webservice.server.Dispatcher.dispatch(Dispatcher.java:96)
	at weblogic.webservice.server.WebServiceManager.dispatch(WebServiceManager.java:100)
	at weblogic.webservice.server.servlet.WebServiceServlet.serverSideInvoke(WebServiceServlet.java:297)
	at weblogic.webservice.server.servlet.ServletBase.doPost(ServletBase.java:485)
	at weblogic.webservice.server.servlet.WebServiceServlet.doPost(WebServiceServlet.java:267)
	at javax.servlet.http.HttpServlet.service(HttpServlet.java:760)
	at javax.servlet.http.HttpServlet.service(HttpServlet.java:853)
	at weblogic.servlet.internal.ServletStubImpl$ServletInvocationAction.run(ServletStubImpl.java:1072)
	at weblogic.servlet.internal.ServletStubImpl.invokeServlet(ServletStubImpl.java:465)
	at weblogic.servlet.internal.ServletStubImpl.invokeServlet(ServletStubImpl.java:348)
	at weblogic.servlet.internal.WebAppServletContext$ServletInvocationAction.run(WebAppServletContext.java:6981)
	at weblogic.security.acl.internal.AuthenticatedSubject.doAs(AuthenticatedSubject.java:321)
	at weblogic.security.service.SecurityManager.runAs(SecurityManager.java:121)
	at weblogic.servlet.internal.WebAppServletContext.invokeServlet(WebAppServletContext.java:3892)
	at weblogic.servlet.internal.ServletRequestImpl.execute(ServletRequestImpl.java:2766)
	at weblogic.kernel.ExecuteThread.execute(ExecuteThread.java:224)
	at weblogic.kernel.ExecuteThread.run(ExecuteThread.java:183)
</Trace><From>S00036</From></Error></S00036OUT>
]
java.lang.NoClassDefFoundError
	at ve.com.digitel.listaSeguridad.DAO.CeduladosDAO.<init>(CeduladosDAO.java:29)
	at ve.com.digitel.listaSeguridad.business.ListaSeguridadValidator.getCedulado(ListaSeguridadValidator.java:221)
	at ve.com.digitel.listaSeguridad.business.ListaSeguridadValidator.validar(ListaSeguridadValidator.java:384)
	at ve.com.digitel.listaSeguridad.ejb.ConsultaListaSeguridadBean.validarListaSeguridad(ConsultaListaSeguridadBean.java:46)
	at ve.com.digitel.listaSeguridad.ejb.ConsultaListaSeguridadWs_ifp6be_ELOImpl.validarListaSeguridad(ConsultaListaSeguridadWs_ifp6be_ELOImpl.java:45)
	at sun.reflect.NativeMethodAccessorImpl.invoke0(Native Method)
	at sun.reflect.NativeMethodAccessorImpl.invoke(NativeMethodAccessorImpl.java:39)
	at sun.reflect.DelegatingMethodAccessorImpl.invoke(DelegatingMethodAccessorImpl.java:25)
	at java.lang.reflect.Method.invoke(Method.java:324)
	at weblogic.webservice.component.slsb.SLSBInvocationHandler.invoke(SLSBInvocationHandler.java:88)
	at weblogic.webservice.core.handler.InvokeHandler.handleRequest(InvokeHandler.java:104)
	at weblogic.webservice.core.HandlerChainImpl.handleRequest(HandlerChainImpl.java:143)
	at weblogic.webservice.core.DefaultOperation.process(DefaultOperation.java:549)
	at weblogic.webservice.server.Dispatcher.process(Dispatcher.java:204)
	at weblogic.webservice.server.Dispatcher.doDispatch(Dispatcher.java:176)
	at weblogic.webservice.server.Dispatcher.dispatch(Dispatcher.java:96)
	at weblogic.webservice.server.WebServiceManager.dispatch(WebServiceManager.java:100)
	at weblogic.webservice.server.servlet.WebServiceServlet.serverSideInvoke(WebServiceServlet.java:297)
	at weblogic.webservice.server.servlet.ServletBase.doPost(ServletBase.java:485)
	at weblogic.webservice.server.servlet.WebServiceServlet.doPost(WebServiceServlet.java:267)
	at javax.servlet.http.HttpServlet.service(HttpServlet.java:760)
	at javax.servlet.http.HttpServlet.service(HttpServlet.java:853)
	at weblogic.servlet.internal.ServletStubImpl$ServletInvocationAction.run(ServletStubImpl.java:1072)
	at weblogic.servlet.internal.ServletStubImpl.invokeServlet(ServletStubImpl.java:465)
	at weblogic.servlet.internal.ServletStubImpl.invokeServlet(ServletStubImpl.java:348)
	at weblogic.servlet.internal.WebAppServletContext$ServletInvocationAction.run(WebAppServletContext.java:6981)
	at weblogic.security.acl.internal.AuthenticatedSubject.doAs(AuthenticatedSubject.java:321)
	at weblogic.security.service.SecurityManager.runAs(SecurityManager.java:121)
	at weblogic.servlet.internal.WebAppServletContext.invokeServlet(WebAppServletContext.java:3892)
	at weblogic.servlet.internal.ServletRequestImpl.execute(ServletRequestImpl.java:2766)
	at weblogic.kernel.ExecuteThread.execute(ExecuteThread.java:224)
	at weblogic.kernel.ExecuteThread.run(ExecuteThread.java:183)
[2020jul13 10:40:37,766][INFO ][1594653037686][procesa ConsultaListaSeguridad.java:110][Repuesta: <?xml version="1.0" encoding="UTF-8"?>
<S00036OUT><Error><Code>S00036-E005</Code><Detail>Ocurrio un error en el procesamiento de la aplicacion.</Detail><Trace>java.lang.NoClassDefFoundError
	at ve.com.digitel.listaSeguridad.DAO.CeduladosDAO.&lt;init&gt;(CeduladosDAO.java:29)
	at ve.com.digitel.listaSeguridad.business.ListaSeguridadValidator.getCedulado(ListaSeguridadValidator.java:221)
	at ve.com.digitel.listaSeguridad.business.ListaSeguridadValidator.validar(ListaSeguridadValidator.java:384)
	at ve.com.digitel.listaSeguridad.ejb.ConsultaListaSeguridadBean.validarListaSeguridad(ConsultaListaSeguridadBean.java:46)
	at ve.com.digitel.listaSeguridad.ejb.ConsultaListaSeguridadWs_ifp6be_ELOImpl.validarListaSeguridad(ConsultaListaSeguridadWs_ifp6be_ELOImpl.java:45)
	at sun.reflect.NativeMethodAccessorImpl.invoke0(Native Method)
	at sun.reflect.NativeMethodAccessorImpl.invoke(NativeMethodAccessorImpl.java:39)
	at sun.reflect.DelegatingMethodAccessorImpl.invoke(DelegatingMethodAccessorImpl.java:25)
	at java.lang.reflect.Method.invoke(Method.java:324)
	at weblogic.webservice.component.slsb.SLSBInvocationHandler.invoke(SLSBInvocationHandler.java:88)
	at weblogic.webservice.core.handler.InvokeHandler.handleRequest(InvokeHandler.java:104)
	at weblogic.webservice.core.HandlerChainImpl.handleRequest(HandlerChainImpl.java:143)
	at weblogic.webservice.core.DefaultOperation.process(DefaultOperation.java:549)
	at weblogic.webservice.server.Dispatcher.process(Dispatcher.java:204)
	at weblogic.webservice.server.Dispatcher.doDispatch(Dispatcher.java:176)
	at weblogic.webservice.server.Dispatcher.dispatch(Dispatcher.java:96)
	at weblogic.webservice.server.WebServiceManager.dispatch(WebServiceManager.java:100)
	at weblogic.webservice.server.servlet.WebServiceServlet.serverSideInvoke(WebServiceServlet.java:297)
	at weblogic.webservice.server.servlet.ServletBase.doPost(ServletBase.java:485)
	at weblogic.webservice.server.servlet.WebServiceServlet.doPost(WebServiceServlet.java:267)
	at javax.servlet.http.HttpServlet.service(HttpServlet.java:760)
	at javax.servlet.http.HttpServlet.service(HttpServlet.java:853)
	at weblogic.servlet.internal.ServletStubImpl$ServletInvocationAction.run(ServletStubImpl.java:1072)
	at weblogic.servlet.internal.ServletStubImpl.invokeServlet(ServletStubImpl.java:465)
	at weblogic.servlet.internal.ServletStubImpl.invokeServlet(ServletStubImpl.java:348)
	at weblogic.servlet.internal.WebAppServletContext$ServletInvocationAction.run(WebAppServletContext.java:6981)
	at weblogic.security.acl.internal.AuthenticatedSubject.doAs(AuthenticatedSubject.java:321)
	at weblogic.security.service.SecurityManager.runAs(SecurityManager.java:121)
	at weblogic.servlet.internal.WebAppServletContext.invokeServlet(WebAppServletContext.java:3892)
	at weblogic.servlet.internal.ServletRequestImpl.execute(ServletRequestImpl.java:2766)
	at weblogic.kernel.ExecuteThread.execute(ExecuteThread.java:224)
	at weblogic.kernel.ExecuteThread.run(ExecuteThread.java:183)
</Trace><From>S00036</From></Error></S00036OUT>
]
[2020jul13 10:41:20,091][ERROR][1594653037686][getExcepMessage ListaSeguridadValidator.java:331][Se genero la siguiente excepcion = <?xml version="1.0" encoding="UTF-8"?>
<S00036OUT><Error><Code>S00036-E005</Code><Detail>Ocurrio un error en el procesamiento de la aplicacion.</Detail><Trace>java.lang.NoClassDefFoundError
	at ve.com.digitel.listaSeguridad.DAO.CeduladosDAO.&lt;init&gt;(CeduladosDAO.java:29)
	at ve.com.digitel.listaSeguridad.business.ListaSeguridadValidator.getCedulado(ListaSeguridadValidator.java:221)
	at ve.com.digitel.listaSeguridad.business.ListaSeguridadValidator.validar(ListaSeguridadValidator.java:384)
	at ve.com.digitel.listaSeguridad.ejb.ConsultaListaSeguridadBean.validarListaSeguridad(ConsultaListaSeguridadBean.java:46)
	at ve.com.digitel.listaSeguridad.ejb.ConsultaListaSeguridadWs_ifp6be_ELOImpl.validarListaSeguridad(ConsultaListaSeguridadWs_ifp6be_ELOImpl.java:45)
	at sun.reflect.NativeMethodAccessorImpl.invoke0(Native Method)
	at sun.reflect.NativeMethodAccessorImpl.invoke(NativeMethodAccessorImpl.java:39)
	at sun.reflect.DelegatingMethodAccessorImpl.invoke(DelegatingMethodAccessorImpl.java:25)
	at java.lang.reflect.Method.invoke(Method.java:324)
	at weblogic.webservice.component.slsb.SLSBInvocationHandler.invoke(SLSBInvocationHandler.java:88)
	at weblogic.webservice.core.handler.InvokeHandler.handleRequest(InvokeHandler.java:104)
	at weblogic.webservice.core.HandlerChainImpl.handleRequest(HandlerChainImpl.java:143)
	at weblogic.webservice.core.DefaultOperation.process(DefaultOperation.java:549)
	at weblogic.webservice.server.Dispatcher.process(Dispatcher.java:204)
	at weblogic.webservice.server.Dispatcher.doDispatch(Dispatcher.java:176)
	at weblogic.webservice.server.Dispatcher.dispatch(Dispatcher.java:96)
	at weblogic.webservice.server.WebServiceManager.dispatch(WebServiceManager.java:100)
	at weblogic.webservice.server.servlet.WebServiceServlet.serverSideInvoke(WebServiceServlet.java:297)
	at weblogic.webservice.server.servlet.ServletBase.doPost(ServletBase.java:485)
	at weblogic.webservice.server.servlet.WebServiceServlet.doPost(WebServiceServlet.java:267)
	at javax.servlet.http.HttpServlet.service(HttpServlet.java:760)
	at javax.servlet.http.HttpServlet.service(HttpServlet.java:853)
	at weblogic.servlet.internal.ServletStubImpl$ServletInvocationAction.run(ServletStubImpl.java:1072)
	at weblogic.servlet.internal.ServletStubImpl.invokeServlet(ServletStubImpl.java:465)
	at weblogic.servlet.internal.ServletStubImpl.invokeServlet(ServletStubImpl.java:348)
	at weblogic.servlet.internal.WebAppServletContext$ServletInvocationAction.run(WebAppServletContext.java:6981)
	at weblogic.security.acl.internal.AuthenticatedSubject.doAs(AuthenticatedSubject.java:321)
	at weblogic.security.service.SecurityManager.runAs(SecurityManager.java:121)
	at weblogic.servlet.internal.WebAppServletContext.invokeServlet(WebAppServletContext.java:3892)
	at weblogic.servlet.internal.ServletRequestImpl.execute(ServletRequestImpl.java:2766)
	at weblogic.kernel.ExecuteThread.execute(ExecuteThread.java:224)
	at weblogic.kernel.ExecuteThread.run(ExecuteThread.java:183)
</Trace><From>S00036</From></Error></S00036OUT>
]
java.lang.NoClassDefFoundError
	at ve.com.digitel.listaSeguridad.DAO.CeduladosDAO.<init>(CeduladosDAO.java:29)
	at ve.com.digitel.listaSeguridad.business.ListaSeguridadValidator.getCedulado(ListaSeguridadValidator.java:221)
	at ve.com.digitel.listaSeguridad.business.ListaSeguridadValidator.validar(ListaSeguridadValidator.java:384)
	at ve.com.digitel.listaSeguridad.ejb.ConsultaListaSeguridadBean.validarListaSeguridad(ConsultaListaSeguridadBean.java:46)
	at ve.com.digitel.listaSeguridad.ejb.ConsultaListaSeguridadWs_ifp6be_ELOImpl.validarListaSeguridad(ConsultaListaSeguridadWs_ifp6be_ELOImpl.java:45)
	at sun.reflect.NativeMethodAccessorImpl.invoke0(Native Method)
	at sun.reflect.NativeMethodAccessorImpl.invoke(NativeMethodAccessorImpl.java:39)
	at sun.reflect.DelegatingMethodAccessorImpl.invoke(DelegatingMethodAccessorImpl.java:25)
	at java.lang.reflect.Method.invoke(Method.java:324)
	at weblogic.webservice.component.slsb.SLSBInvocationHandler.invoke(SLSBInvocationHandler.java:88)
	at weblogic.webservice.core.handler.InvokeHandler.handleRequest(InvokeHandler.java:104)
	at weblogic.webservice.core.HandlerChainImpl.handleRequest(HandlerChainImpl.java:143)
	at weblogic.webservice.core.DefaultOperation.process(DefaultOperation.java:549)
	at weblogic.webservice.server.Dispatcher.process(Dispatcher.java:204)
	at weblogic.webservice.server.Dispatcher.doDispatch(Dispatcher.java:176)
	at weblogic.webservice.server.Dispatcher.dispatch(Dispatcher.java:96)
	at weblogic.webservice.server.WebServiceManager.dispatch(WebServiceManager.java:100)
	at weblogic.webservice.server.servlet.WebServiceServlet.serverSideInvoke(WebServiceServlet.java:297)
	at weblogic.webservice.server.servlet.ServletBase.doPost(ServletBase.java:485)
	at weblogic.webservice.server.servlet.WebServiceServlet.doPost(WebServiceServlet.java:267)
	at javax.servlet.http.HttpServlet.service(HttpServlet.java:760)
	at javax.servlet.http.HttpServlet.service(HttpServlet.java:853)
	at weblogic.servlet.internal.ServletStubImpl$ServletInvocationAction.run(ServletStubImpl.java:1072)
	at weblogic.servlet.internal.ServletStubImpl.invokeServlet(ServletStubImpl.java:465)
	at weblogic.servlet.internal.ServletStubImpl.invokeServlet(ServletStubImpl.java:348)
	at weblogic.servlet.internal.WebAppServletContext$ServletInvocationAction.run(WebAppServletContext.java:6981)
	at weblogic.security.acl.internal.AuthenticatedSubject.doAs(AuthenticatedSubject.java:321)
	at weblogic.security.service.SecurityManager.runAs(SecurityManager.java:121)
	at weblogic.servlet.internal.WebAppServletContext.invokeServlet(WebAppServletContext.java:3892)
	at weblogic.servlet.internal.ServletRequestImpl.execute(ServletRequestImpl.java:2766)
	at weblogic.kernel.ExecuteThread.execute(ExecuteThread.java:224)
	at weblogic.kernel.ExecuteThread.run(ExecuteThread.java:183)
[2020Jul13 10:41:20,129][INFO ][1594653079712][procesa ConsultaListaSeguridad.java:110][Repuesta: <?xml version="1.0" encoding="UTF-8"?>
<S00036OUT><Error><Code>S00036-E005</Code><Detail>Ocurrio un error en el procesamiento de la aplicacion.</Detail><Trace>java.lang.NoClassDefFoundError
	at ve.com.digitel.listaSeguridad.DAO.CeduladosDAO.&lt;init&gt;(CeduladosDAO.java:29)
	at ve.com.digitel.listaSeguridad.business.ListaSeguridadValidator.getCedulado(ListaSeguridadValidator.java:221)
	at ve.com.digitel.listaSeguridad.business.ListaSeguridadValidator.validar(ListaSeguridadValidator.java:384)
	at ve.com.digitel.listaSeguridad.ejb.ConsultaListaSeguridadBean.validarListaSeguridad(ConsultaListaSeguridadBean.java:46)
	at ve.com.digitel.listaSeguridad.ejb.ConsultaListaSeguridadWs_ifp6be_ELOImpl.validarListaSeguridad(ConsultaListaSeguridadWs_ifp6be_ELOImpl.java:45)
	at sun.reflect.NativeMethodAccessorImpl.invoke0(Native Method)
	at sun.reflect.NativeMethodAccessorImpl.invoke(NativeMethodAccessorImpl.java:39)
	at sun.reflect.DelegatingMethodAccessorImpl.invoke(DelegatingMethodAccessorImpl.java:25)
	at java.lang.reflect.Method.invoke(Method.java:324)
	at weblogic.webservice.component.slsb.SLSBInvocationHandler.invoke(SLSBInvocationHandler.java:88)
	at weblogic.webservice.core.handler.InvokeHandler.handleRequest(InvokeHandler.java:104)
	at weblogic.webservice.core.HandlerChainImpl.handleRequest(HandlerChainImpl.java:143)
	at weblogic.webservice.core.DefaultOperation.process(DefaultOperation.java:549)
	at weblogic.webservice.server.Dispatcher.process(Dispatcher.java:204)
	at weblogic.webservice.server.Dispatcher.doDispatch(Dispatcher.java:176)
	at weblogic.webservice.server.Dispatcher.dispatch(Dispatcher.java:96)
	at weblogic.webservice.server.WebServiceManager.dispatch(WebServiceManager.java:100)
	at weblogic.webservice.server.servlet.WebServiceServlet.serverSideInvoke(WebServiceServlet.java:297)
	at weblogic.webservice.server.servlet.ServletBase.doPost(ServletBase.java:485)
	at weblogic.webservice.server.servlet.WebServiceServlet.doPost(WebServiceServlet.java:267)
	at javax.servlet.http.HttpServlet.service(HttpServlet.java:760)
	at javax.servlet.http.HttpServlet.service(HttpServlet.java:853)
	at weblogic.servlet.internal.ServletStubImpl$ServletInvocationAction.run(ServletStubImpl.java:1072)
	at weblogic.servlet.internal.ServletStubImpl.invokeServlet(ServletStubImpl.java:465)
	at weblogic.servlet.internal.ServletStubImpl.invokeServlet(ServletStubImpl.java:348)
	at weblogic.servlet.internal.WebAppServletContext$ServletInvocationAction.run(WebAppServletContext.java:6981)
	at weblogic.security.acl.internal.AuthenticatedSubject.doAs(AuthenticatedSubject.java:321)
	at weblogic.security.service.SecurityManager.runAs(SecurityManager.java:121)
	at weblogic.servlet.internal.WebAppServletContext.invokeServlet(WebAppServletContext.java:3892)
	at weblogic.servlet.internal.ServletRequestImpl.execute(ServletRequestImpl.java:2766)
	at weblogic.kernel.ExecuteThread.execute(ExecuteThread.java:224)
	at weblogic.kernel.ExecuteThread.run(ExecuteThread.java:183)
</Trace><From>S00036</From></Error></S00036OUT>
]
